[2025-02-06 13:48:10.654] [PSS] [info] ***********  Log Begin **********
[2025-02-06 13:48:10.654] [PSS] [info] process id= 28580
[2025-02-06 13:48:10.654] [PSS] [debug] [28580|22728]streaming_driver_interface_impl.cpp:19 StreamingDriverInterfaceImpl: callback= 0x190196fec90, this= 0x19046bd4ef0
[2025-02-06 13:48:10.655] [PSS] [error] [28580|22728]streaming_driver_interface_impl.cpp:115 SetTrackingOrigin: streaming not started, this= 0x19046bd4ef0
[2025-02-06 13:48:10.655] [PSS] [info] [28580|22728]streaming_driver_interface_impl.cpp:24 ConnectToService: connect to service, client_id= dI46ZAv92gQWenFs, this= 0x19046bd4ef0
[2025-02-06 13:48:10.655] [PSS] [info] [28580|22728]streaming_client_impl.cpp:25 ConnectToService: client_id= dI46ZAv92gQWenFs, name= 3D Engine, desp= StreamingSceneRender, this= 0x18f5d0b2f10
[2025-02-06 13:48:10.655] [PSS] [debug] [28580|17820]streaming_client_impl.cpp:137 InvokeConnectToService: connect to service through the network, port= 54000, this= 0x18f5d0b2f10
[2025-02-06 13:48:10.655] [PSS] [debug] [28580|17820]transport_client_tcp3.cpp:34 Start: buffer size(send\recv): 2097152\2097152, this= 0x18f5fcac070
[2025-02-06 13:48:10.655] [PSS] [info] [28580|17820]transport_client_tcp3.cpp:59 Start: server= 127.0.0.1:54000, local=0.0.0.0:0, this= 0x18f5fcac070
[2025-02-06 13:48:10.655] [PSS] [info] [28580|24588]streaming_client_impl.cpp:62 NotifyConnectResult: network connect to service result= 0, this= 0x18f5d0b2f10
[2025-02-06 13:48:10.655] [PSS] [debug] [28580|24588]transport_client_tcp3.cpp:136 HandleConnect: local= 127.0.0.1:61131, this= 0x18f5fcac070
[2025-02-06 13:48:10.655] [PSS] [debug] [28580|17820]streaming_client_impl.cpp:150 InvokeConnectToServiceByRpc: begin to connect to service by rpc, this= 0x18f5d0b2f10
[2025-02-06 13:48:10.655] [PSS] [info] [28580|17820]rpc.cpp:81 Start: start, request id begin from 5858, this= 0x19019469980
[2025-02-06 13:48:10.655] [PSS] [debug] [28580|17820]streaming_client_impl.cpp:171 InvokeConnectToServiceByRpc: connecting to service success, client_id= dI46ZAv92gQWenFs, this= 0x18f5d0b2f10
[2025-02-06 13:48:10.660] [PSS] [info] [28580|17820]streaming_client_impl.cpp:238 HandleConnectToServiceResp: connect response {result { description: "Success" } client_id: "dI46ZAv92gQWenFs" service_id: "xre_n8248e4B" service_version: "2.0.3.5"}, this= 0x18f5d0b2f10
[2025-02-06 13:48:10.660] [PSS] [info] [28580|17820]streaming_driver_interface_impl.cpp:326 NotifyClientConnectResult: client connected, client_id= dI46ZAv92gQWenFs, service_version= 2.0.3.5, this= 0x19046bd4ef0
[2025-02-06 13:48:24.086] [PSS] [info] [28580|22728]streaming_driver_interface_impl.cpp:34 DisconnectFromService: disconnect from service, client_id= dI46ZAv92gQWenFs, this= 0x19046bd4ef0
[2025-02-06 13:48:24.086] [PSS] [info] [28580|22728]streaming_client_impl.cpp:37 DisconnectFromService: disconnect from service, this= 0x18f5d0b2f10
[2025-02-06 13:48:24.086] [PSS] [debug] [28580|17820]streaming_client_impl.cpp:175 InvokeDisconnectFromService: disconnect from service, this= 0x18f5d0b2f10
[2025-02-06 13:48:24.086] [PSS] [debug] [28580|17820]streaming_client_impl.cpp:253 HandleDisconnectFromServiceResp: disconnect response {}, this= 0x18f5d0b2f10
[2025-02-06 13:48:24.086] [PSS] [debug] [28580|17820]transport_client_tcp3.cpp:79 Stop: called, this= 0x18f5fcac070
[2025-02-06 13:48:24.086] [PSS] [debug] [28580|17820]transport_client_tcp3.cpp:79 Stop: called, this= 0x18f5fcac070
[2025-02-06 13:48:24.086] [PSS] [debug] [28580|17820]streaming_client_impl.cpp:194 InvokeDisconnectFromService: disconnect from service, {client_id: "dI46ZAv92gQWenFs"}, this= 0x18f5d0b2f10
[2025-02-06 13:48:24.086] [PSS] [debug] [28580|24588]transport_client_tcp3.cpp:190 operator (): close socket
[2025-02-06 13:48:24.086] [PSS] [info] [28580|22728]streaming_client_impl.cpp:44 DisconnectFromService: disconnect from service completed, this= 0x18f5d0b2f10
[2025-02-06 13:48:24.086] [PSS] [error] [28580|24588]transport_client_tcp3.cpp:210 HandleReceiveDataResult: receive error= 1236, msg= 由本地系统中止网络连接。
[2025-02-06 13:48:24.086] [PSS] [error] [28580|24588]transport_client_tcp3.cpp:157 HandleAsyncError: error code: 1236, this= 0x18f5fcac070
[2025-02-06 13:48:24.086] [PSS] [error] [28580|24588]transport_client_tcp3.cpp:102 ReceiveDataLoop: "not connected", !running_, this= 0x18f5fcac070
